<?xml version="1.0" encoding="UTF-8"?>
<!-- Generated by org.testng.reporters.JUnitReportReporter -->
<testsuite hostname="LTIN509704" failures="0" tests="20" name="trivago.HotelBookingDetails" time="59.674" errors="0" timestamp="2024-10-24T12:07:56 IST" skipped="0">
  <testcase classname="trivago.HotelBookingDetails" name="verifyTitle" time="0.012"/>
  <system-out/>
  <testcase classname="trivago.HotelBookingDetails" name="capturePage" time="0.325"/>
  <system-out/>
  <testcase classname="trivago.HotelBookingDetails" name="capturePage" time="0.340"/>
  <system-out/>
  <testcase classname="trivago.HotelBookingDetails" name="verifyTitle" time="0.010"/>
  <system-out/>
  <testcase classname="trivago.HotelBookingDetails" name="testUsingExcelData" time="4.239"/>
  <system-out/>
  <testcase classname="trivago.HotelBookingDetails" name="scrollByPixels" time="2.021"/>
  <system-out/>
  <testcase classname="trivago.HotelBookingDetails" name="testUsingExcelData" time="5.141"/>
  <system-out/>
  <testcase classname="trivago.HotelBookingDetails" name="scrollByPixels" time="2.016"/>
  <system-out/>
  <testcase classname="trivago.HotelBookingDetails" name="selectDate" time="4.203"/>
  <system-out/>
  <testcase classname="trivago.HotelBookingDetails" name="selectDate" time="4.225"/>
  <system-out/>
  <testcase classname="trivago.HotelBookingDetails" name="selectGuests" time="4.266"/>
  <system-out/>
  <testcase classname="trivago.HotelBookingDetails" name="selectGuests" time="4.213"/>
  <system-out/>
  <testcase classname="trivago.HotelBookingDetails" name="searchHotels" time="5.065"/>
  <system-out/>
  <testcase classname="trivago.HotelBookingDetails" name="searchHotels" time="5.063"/>
  <system-out/>
  <testcase classname="trivago.HotelBookingDetails" name="sortHotelsByRating" time="2.183"/>
  <system-out/>
  <testcase classname="trivago.HotelBookingDetails" name="sortHotelsByRating" time="2.321"/>
  <system-out/>
  <testcase classname="trivago.HotelBookingDetails" name="testScrollByPixels" time="6.055"/>
  <system-out/>
  <testcase classname="trivago.HotelBookingDetails" name="testScrollByPixels" time="6.487"/>
  <system-out/>
  <testcase classname="trivago.HotelBookingDetails" name="verifyHotelNamesAndPrices" time="1.369"/>
  <system-out/>
  <testcase classname="trivago.HotelBookingDetails" name="verifyHotelNamesAndPrices" time="0.120"/>
  <system-out/>
</testsuite> <!-- trivago.HotelBookingDetails -->
